%%%%%%%%%%%%%%%%%%%%%%%%%%%%%%%%%%%%%
%                                   %
% %%  %% %% %% %%%%  %%   % %% % %  %
%   %               %   %         % %
% %%% %% % %% % % %   %   %%%%% %%  %
%     % % % % %     %   %     % %   %
%  %% %  % %%   %% %% % %%%% % % %% %
%   %   %     % %   %   %.... ..  % %
% % % % %% %%   % %   % % %.%%%.%...%
% %           %     % ....%...%...%.%
% %%% %%% %% % % %%% % %%..%.%%%.%..%
%     %   %       %   % %.%...%...%.%
% %%% %% % % %%%% %%%%%%....%.%.%.%.%
% %     % % %     %   %.%.%.%.......%
%  %% %%    %% % %.%.%%.%..% %%.%%..%
%       % % % ............%.  %.....%
% %%%% %     %.%.%%.%.%.%...%  %.%%.%
%X% % % % % % % %.%...%...%.% %.....%
%X % %  %% %%% %..%%.%%.%.. %% %%.%.%
%X% % %   %...%.%.......  % %   %.%.%
%X.    %%  %.%....%.%.%.% %  % %%.%.%
%X% % %   %...%.%.......    %.%.....%
%X%%.%% %  %.%%%%%.%%%% % %%%...%%%.%
%XXXX.%   %...........% % %...%.....%
%..%X%.%%%..%%.%.%%.%.%%%%.%.%..%.%.%
%.%.X...% %.%...........%.....%.%.%.%
%.%%X%%% %..%%%.%.%%.%.%%.%.%%.%%...%
%...XXXX%.%.%.%.%...%.....%.......%.%
%.%.%%%X%.%XXXXX%.%.%%.%.%..%.%%.%%.%
%.%....XXXXX%.%X%.%.% %...%...% %...%
%  %%%.%.%.%%..XXX%.%%%.%%..%.% %%..%
%   %...%.% %.%.%XXXXX....%...%   %.%
% %  %.%...%%....%%.%X%%%%.%%..%%%..%
% % %.. %.%...%.%....XXXXXXX%.%XXXXX%
% %% % %..%.%...%.%%.%.%.%%X%.%X%.%X%
%       %.....%...% % % %..XXXXX%.%X%
%%%%%%%%%%%%%%%%%%%%%%%%%%%%%%%%%%%%%
