%%%%%%%%%%%%%%%%%%%%%%%%%%%%%%%%%%%%%
%                                   %
% %%  %% %% %% %%%%  %%   % %% % %  %
%   %               %   %         % %
% %%% %% % %% % % %   %   %%%%% %%  %
%     % % % % %     %   %     % %   %
%  %% %  % %%   %% %% % %%%% % % %%.%
%   %   %     % %   %   %        .%.%
% % % % %% %%   % %   % % % %%% %...%
% %           %     %     %   % ..%.%
% %%% %%% %% % % %%% % %%  %.%%%.%..%
%     %   %       %   % % %...%...%.%
% %%% %% % % %%%% %%%%%%....%.%.%.%.%
% %     % % %     %   % %.%.%.......%
%  %% %%    %% % % % %% %. % %%.%%..%
%       % % %            .%   %.....%
% %%%% %     % % %% % % %.  %  %.%%.%
%X% % % % % % % %.%   %  .% % %.....%
%X % %  %% %%% % .%% %% %   %% %%.%.%
%X% % %   %...% %.        % %   %.%.%
%X     %%  %.%   .% % % % %  % %%.%.%
%X% % %   %...% %..         %.%.....%
%X%% %% %  %.%%%%%.%%%% % %%%...%%%.%
%X    %   %...........% % %...%.....%
%X % % %%%..%%.%.%%.%.%%%%.%.%..%.%.%
%X%     % %.%...........%.....%.%.%.%
%X%% %%% %..%%%.%.%%.%.%%.%.%%.%%...%
%XXX ...%.%.%.%.%...%.....%.......%.%
% %X%%%.%.%XXX..%.%.%%.%.%..%.%%.%%.%
% %XXXXXXXXX%X%.%.%.% %...%...% %...%
%  %%%.%.%.%%XXXXX%.%%%.%%..%.% %%..%
%   %   %.% %.%.%XXX......%...%   %.%
% %  % % . %%....%%X%.%%%%.%%..%%%..%
% % %   %.%...%.%..XXXXXXXXX%.%XXXXX%
% %% % % .%.%...%.%%.%.%.%%X%.%X%.%X%
%       %.....%...% % % %..XXXXX%.%X%
%%%%%%%%%%%%%%%%%%%%%%%%%%%%%%%%%%%%%
