%%%%%%%%%%%%%%%%%%%%%%%%%%%%%%%%%%%%%
%   %   % % %   % %   % %         % %
%% % % %% % % % %  % %   % %% % %   %
% %           %   %   % %         % %
%% % %% %% % % % %  %    % % % %% %%%
%       %   %     % % % % %     %   %
% % % %% %% % % % % %% %  % % %%  % %
% %   %     % %         %     % %   %
%  % %% % %  % % %%%% %   %% %  %% %%
% % %       % %         %     %     %
%% % %% % % % % % %% %%% % % % % %% %
% %   % %         %         %   %...%
% % %    % % % %%  % %% %% %% %...%.%
%     % %       % %           ..%.%.%
% % %% % %% % %   % %% % % % %.%%%%.%
%   %   % % % % %   % % %     ......%
% %  %%  %%       %    % % %%%.%%%.%%
%   %   %   % % %   % %   % ........%
% %  % % %%   % % %%% % %% %.%.%%.%.%
% % %       % %   %     %   ..% %.%.%
% %% % % % %%  %%  %% % %% %.%.%....%
% %XXXXXXX%.% %   %   %   ......%.%.%
%% X%.%%%X...%%% %% %  %%%.%%%.%%...%
% %X.XXXXX%.%...% %   %...........%.%
% %X%X% %% %%.%.%...% %.%%.%.%.%%.%%%
%  X%XXXXXXX..%...%.%...%.......%...%
%%%X.%.%.%%X%XXX%.%.%.%%..% % %...%%%
% %X%.%....XXX%X..%...% %.%.....%...%
%% X...%%%.%.%.X%...%...%...%%.% %.%%
% %X%.%.......%XXX%...%...%.........%
% %X.%..%.%%.%..%X% %%%%%.%.% %% %%%%
% XX% %...%...%..X%   % %...%     % %
%%X% %..%..%.%..%XXX%     %.% % %   %
% XX%.%...%...%...%X% % %XXX%  XXX% %
%%%X...%.%.%%.%%.%.X% %%%X%XXX%X%XXX%
%XXX%.% %.....%...%XXXXXXX%.%XXX%.%X%
%%%%%%%%%%%%%%%%%%%%%%%%%%%%%%%%%%%%%
