%%%%%%%%%%%%%%%%%%%%%%%
%X%   %   %   %   % % %
%X  %   %% % %%%% %%  %
%X%   % % % %       % %
%X%% %%%     %% %% %%%%
%X% %...% % % % %     %
%X%%%.% %%%  %    %% %%
%X% %XXX    % % %   % %
%XXXXX%X% %%%   % %   %
% % % %XXXXX% % %   % %
%   %%% %%%X% %   % %%%
% %     % %XXXXX%     %
%% % %%    %%%%X% %% %%
% % %   % %....XXX  % %
%   %% %% %%.%%%%X%%  %
% % %     %     %X% % %
%%%% %% %%  %% %.X % %%
% % %     %   %.%X% % %
% %% % %%%%% %...XXX  %
% %       %   % % %X% %
%   %% %% %%% %   %X%%%
% % %   %       % %XXX%
%%%%%%%%%%%%%%%%%%%%%%%
