%%%%%%%%%%%%%%%%%%%%%%%
%X%...%...%   %...% % %
%X..%...%% % %%%%.%%  %
%X%...%.%.%.%.......% %
%X%%.%%%.....%%.%%.%%%%
%X% %...%.%.% %.%.....%
%X%%%.%.%%%..%....%%.%%
%X%.%.......%.%.%...%.%
%X....%.%.%%%...%.%...%
%X%.%.%.....%.%.%...%.%
%XXX%%%.%%%.%.%...%.%%%
%.%XXXXX% %.....%.....%
%% %.%%XXX.%%%%.%.%%.%%
% % %...%X%.........% %
%   %%.%%X%%.%%%%.%%  %
% % %..XXX%.....%.% % %
%%%% %%X%%..%%.%...% %%
%.% % XX..%...% %.% %.%
%.%%.%X%%%%%.%   XXX..%
%.%...XXXX%...% %X%X%.%
%...%%.%%X%%%.%XXX%X%%%
%.%.%...%XXXXXXX%.%XXX%
%%%%%%%%%%%%%%%%%%%%%%%
