%%%%%%%%%%%%%%%%%%%%%%%%%%%%%%%%%%%%%
%   %   % % %   % %   % %         % %
%% % % %% % % % %  % %   % %% % %   %
% %           %   %   % %         % %
%% % %% %% % % % %  %    % % % %% %%%
%       %   %     % % % % %     %   %
% % % %% %% % % % % %% %  % % %%  % %
% %   %     % %         %     % %   %
%  % %% % %  % % %%%% %   %% %  %% %%
% % %       % %         %     %     %
%% % %% % % % % % %% %%% % % % % %% %
% %   % %         %         %   %   %
% % %    % % % %%  % %% %% %% %   % %
%     % %       % %             % % %
% % %% % %% % %   % %% % % % % %%%% %
%   %   % % % % %   % % %           %
% %  %%  %%       %    % % %%% %%% %%
%   %   %   % % %   % %   %         %
% %  % % %%   % % %%% % %% % % %% % %
% % %       % %   %     %     % % % %
% %% % % % %%  %%  %% % %% % % %    %
% %       % % %   %   %         % % %
%%  % %%%    %%% %% %  %%% %%% %%   %
% %XXX    % %   % %   %           % %
% %X%X% %% %% % %   % % %% % % %% %%%
%  X%XXXX     %   % %   %       %   %
%%%X %.%X%% %XXX% % % %%  % % %   %%%
% %X% %.XXX XX%X  %   % % %     %   %
%% X   %%%X%X%.X%   %   %   %% % % %%
% %X% %...XXX %X..%   %   %         %
% %X %..%.%%.%.X%.% %%%%% % % %% %%%%
%.XX% %...%...%X..%.  % %   %     % %
%%X% %..%..%.%.X%XXX%     % % % %   %
%.XX% %...%...%XXX%X%.% %XXX%  XXX% %
%%%X   %.%.%%.%%.%.X%.%%%X%XXX%X%XXX%
%XXX% % %.....%...%XXXXXXX%.%XXX%.%X%
%%%%%%%%%%%%%%%%%%%%%%%%%%%%%%%%%%%%%
